The following modules were not unloaded:
  (Use "module --force purge" to unload all):

  1) devel   2) math
Processing batch 0 to 1
Processed 0th entry
Processed 1th entry
Batch saved to output_batches_val/batch_0_1.json
Processing batch 2 to 3
Processed 2th entry
Processed 3th entry
Batch saved to output_batches_val/batch_2_3.json
Processing batch 4 to 5
Processed 4th entry
Processed 5th entry
Batch saved to output_batches_val/batch_4_5.json
Processing batch 6 to 7
Processed 6th entry
Processed 7th entry
Batch saved to output_batches_val/batch_6_7.json
Processing batch 8 to 9
Processed 8th entry
Processed 9th entry
Batch saved to output_batches_val/batch_8_9.json
All batches combined into 'output_batches_val/combined_output_val.json'.
